2025-01-13 18:47:59,298 - INFO - Starting amber_api ingestion process...
2025-01-13 18:48:00,772 - INFO - Using Site ID: 01J061Q7Q883JF26YMGZVVTMV9
2025-01-13 18:48:00,772 - INFO - Fetching Prices Data...
2025-01-13 18:48:00,773 - INFO - Fetching data from 2024-06-24 to 2024-07-01
2025-01-13 18:48:02,410 - INFO - Fetching data from 2024-07-01 to 2024-07-08
2025-01-13 18:48:03,990 - INFO - Fetching data from 2024-07-08 to 2024-07-15
2025-01-13 18:48:05,575 - INFO - Fetching data from 2024-07-15 to 2024-07-22
2025-01-13 18:48:07,127 - INFO - Fetching data from 2024-07-22 to 2024-07-29
2025-01-13 18:48:08,338 - INFO - Fetching data from 2024-07-29 to 2024-08-05
2025-01-13 18:48:09,946 - INFO - Fetching data from 2024-08-05 to 2024-08-12
2025-01-13 18:48:11,610 - INFO - Fetching data from 2024-08-12 to 2024-08-19
2025-01-13 18:48:13,211 - INFO - Fetching data from 2024-08-19 to 2024-08-26
2025-01-13 18:48:14,919 - INFO - Fetching data from 2024-08-26 to 2024-09-02
2025-01-13 18:48:16,531 - INFO - Fetching data from 2024-09-02 to 2024-09-09
2025-01-13 18:48:18,282 - INFO - Fetching data from 2024-09-09 to 2024-09-16
2025-01-13 18:48:20,107 - INFO - Fetching data from 2024-09-16 to 2024-09-23
2025-01-13 18:48:21,707 - INFO - Fetching data from 2024-09-23 to 2024-09-30
2025-01-13 18:48:23,398 - INFO - Fetching data from 2024-09-30 to 2024-10-07
2025-01-13 18:48:24,514 - INFO - Fetching data from 2024-10-07 to 2024-10-14
2025-01-13 18:48:26,132 - INFO - Fetching data from 2024-10-14 to 2024-10-21
2025-01-13 18:48:27,184 - INFO - Fetching data from 2024-10-21 to 2024-10-28
2025-01-13 18:48:28,942 - INFO - Fetching data from 2024-10-28 to 2024-11-04
2025-01-13 18:48:30,514 - INFO - Fetching data from 2024-11-04 to 2024-11-11
2025-01-13 18:48:32,114 - INFO - Fetching data from 2024-11-11 to 2024-11-18
2025-01-13 18:48:33,228 - INFO - Fetching data from 2024-11-18 to 2024-11-25
2025-01-13 18:48:34,810 - INFO - Fetching data from 2024-11-25 to 2024-12-02
2025-01-13 18:48:35,815 - INFO - Fetching data from 2024-12-02 to 2024-12-09
2025-01-13 18:48:37,481 - INFO - Fetching data from 2024-12-09 to 2024-12-16
2025-01-13 18:48:38,991 - INFO - Fetching data from 2024-12-16 to 2024-12-23
2025-01-13 18:48:40,509 - INFO - Fetching data from 2024-12-23 to 2024-12-30
2025-01-13 18:48:42,086 - INFO - Fetching data from 2024-12-30 to 2025-01-06
2025-01-13 18:48:43,650 - INFO - Fetching data from 2025-01-06 to 2025-01-13
2025-01-13 18:48:44,763 - INFO - Fetching Usage Data...
2025-01-13 18:48:44,763 - INFO - Fetching data from 2024-06-24 to 2024-07-01
2025-01-13 18:48:46,357 - INFO - Fetching data from 2024-07-01 to 2024-07-08
2025-01-13 18:48:47,837 - INFO - Fetching data from 2024-07-08 to 2024-07-15
2025-01-13 18:48:49,430 - INFO - Fetching data from 2024-07-15 to 2024-07-22
2025-01-13 18:48:50,917 - INFO - Fetching data from 2024-07-22 to 2024-07-29
2025-01-13 18:48:52,352 - INFO - Fetching data from 2024-07-29 to 2024-08-05
2025-01-13 18:48:53,887 - INFO - Fetching data from 2024-08-05 to 2024-08-12
2025-01-13 18:48:55,322 - INFO - Fetching data from 2024-08-12 to 2024-08-19
2025-01-13 18:48:56,756 - INFO - Fetching data from 2024-08-19 to 2024-08-26
2025-01-13 18:48:58,190 - INFO - Fetching data from 2024-08-26 to 2024-09-02
2025-01-13 18:48:59,733 - INFO - Fetching data from 2024-09-02 to 2024-09-09
2025-01-13 18:49:01,162 - INFO - Fetching data from 2024-09-09 to 2024-09-16
2025-01-13 18:49:02,694 - INFO - Fetching data from 2024-09-16 to 2024-09-23
2025-01-13 18:49:03,821 - INFO - Fetching data from 2024-09-23 to 2024-09-30
2025-01-13 18:49:05,162 - INFO - Fetching data from 2024-09-30 to 2024-10-07
2025-01-13 18:49:06,705 - INFO - Fetching data from 2024-10-07 to 2024-10-14
2025-01-13 18:49:07,925 - INFO - Fetching data from 2024-10-14 to 2024-10-21
2025-01-13 18:49:09,584 - INFO - Fetching data from 2024-10-21 to 2024-10-28
2025-01-13 18:49:11,226 - INFO - Fetching data from 2024-10-28 to 2024-11-04
2025-01-13 18:49:12,451 - INFO - Fetching data from 2024-11-04 to 2024-11-11
2025-01-13 18:49:14,190 - INFO - Fetching data from 2024-11-11 to 2024-11-18
2025-01-13 18:49:15,815 - INFO - Fetching data from 2024-11-18 to 2024-11-25
2025-01-13 18:49:17,435 - INFO - Fetching data from 2024-11-25 to 2024-12-02
2025-01-13 18:49:19,194 - INFO - Fetching data from 2024-12-02 to 2024-12-09
2025-01-13 18:49:20,828 - INFO - Fetching data from 2024-12-09 to 2024-12-16
2025-01-13 18:49:22,460 - INFO - Fetching data from 2024-12-16 to 2024-12-23
2025-01-13 18:49:24,088 - INFO - Fetching data from 2024-12-23 to 2024-12-30
2025-01-13 18:49:25,725 - INFO - Fetching data from 2024-12-30 to 2025-01-06
2025-01-13 18:49:27,302 - INFO - Fetching data from 2025-01-06 to 2025-01-13
2025-01-13 18:49:28,846 - INFO - Data fetching completed!
2025-01-13 18:49:28,846 - INFO - Prices data saved to prices_data.csv
2025-01-13 18:49:28,846 - INFO - Usage data saved to usage_data.csv
2025-01-13 19:03:07,916 - INFO - Starting amber_api ingestion process...
2025-01-13 19:03:09,235 - INFO - Using Site ID: 01J061Q7Q883JF26YMGZVVTMV9
2025-01-13 19:03:09,235 - INFO - Fetching Prices Data...
2025-01-13 19:03:09,422 - INFO - No existing data in prices_data.csv. Starting from default: 2024-06-24
2025-01-13 19:03:09,422 - INFO - Fetching data from 2024-06-24 to 2024-07-01
2025-01-13 19:03:10,780 - INFO - Fetching data from 2024-07-01 to 2024-07-08
2025-01-13 19:03:12,147 - INFO - Fetching data from 2024-07-08 to 2024-07-15
2025-01-13 19:03:13,545 - INFO - Fetching data from 2024-07-15 to 2024-07-22
2025-01-13 19:03:14,840 - INFO - Fetching data from 2024-07-22 to 2024-07-29
2025-01-13 19:03:16,138 - INFO - Fetching data from 2024-07-29 to 2024-08-05
2025-01-13 19:03:17,550 - INFO - Fetching data from 2024-08-05 to 2024-08-12
2025-01-13 19:03:19,084 - INFO - Fetching data from 2024-08-12 to 2024-08-19
2025-01-13 19:03:20,512 - INFO - Fetching data from 2024-08-19 to 2024-08-26
2025-01-13 19:03:21,893 - INFO - Fetching data from 2024-08-26 to 2024-09-02
2025-01-13 19:03:23,243 - INFO - Fetching data from 2024-09-02 to 2024-09-09
2025-01-13 19:03:24,720 - INFO - Fetching data from 2024-09-09 to 2024-09-16
2025-01-13 19:03:26,147 - INFO - Fetching data from 2024-09-16 to 2024-09-23
2025-01-13 19:03:27,517 - INFO - Fetching data from 2024-09-23 to 2024-09-30
2025-01-13 19:03:28,891 - INFO - Fetching data from 2024-09-30 to 2024-10-07
2025-01-13 19:03:30,243 - INFO - Fetching data from 2024-10-07 to 2024-10-14
2025-01-13 19:03:31,712 - INFO - Fetching data from 2024-10-14 to 2024-10-21
2025-01-13 19:03:33,085 - INFO - Fetching data from 2024-10-21 to 2024-10-28
2025-01-13 19:03:34,458 - INFO - Fetching data from 2024-10-28 to 2024-11-04
2025-01-13 19:03:35,876 - INFO - Fetching data from 2024-11-04 to 2024-11-11
2025-01-13 19:03:37,307 - INFO - Fetching data from 2024-11-11 to 2024-11-18
2025-01-13 19:03:38,743 - INFO - Fetching data from 2024-11-18 to 2024-11-25
2025-01-13 19:03:40,161 - INFO - Fetching data from 2024-11-25 to 2024-12-02
2025-01-13 19:03:41,487 - INFO - Fetching data from 2024-12-02 to 2024-12-09
2025-01-13 19:03:42,803 - INFO - Fetching data from 2024-12-09 to 2024-12-16
2025-01-13 19:03:44,218 - INFO - Fetching data from 2024-12-16 to 2024-12-23
2025-01-13 19:03:45,819 - INFO - Fetching data from 2024-12-23 to 2024-12-30
2025-01-13 19:03:47,274 - INFO - Fetching data from 2024-12-30 to 2025-01-06
2025-01-13 19:03:48,672 - INFO - Fetching data from 2025-01-06 to 2025-01-13
2025-01-13 19:03:50,091 - INFO - Fetching Usage Data...
2025-01-13 19:03:50,183 - INFO - No existing data in usage_data.csv. Starting from default: 2024-06-24
2025-01-13 19:03:50,183 - INFO - Fetching data from 2024-06-24 to 2024-07-01
2025-01-13 19:03:51,728 - INFO - Fetching data from 2024-07-01 to 2024-07-08
2025-01-13 19:03:53,131 - INFO - Fetching data from 2024-07-08 to 2024-07-15
2025-01-13 19:03:54,541 - INFO - Fetching data from 2024-07-15 to 2024-07-22
2025-01-13 19:03:55,927 - INFO - Fetching data from 2024-07-22 to 2024-07-29
2025-01-13 19:03:57,365 - INFO - Fetching data from 2024-07-29 to 2024-08-05
2025-01-13 19:03:58,795 - INFO - Fetching data from 2024-08-05 to 2024-08-12
2025-01-13 19:04:00,068 - INFO - Fetching data from 2024-08-12 to 2024-08-19
2025-01-13 19:04:01,460 - INFO - Fetching data from 2024-08-19 to 2024-08-26
2025-01-13 19:04:02,788 - INFO - Fetching data from 2024-08-26 to 2024-09-02
2025-01-13 19:04:04,119 - INFO - Fetching data from 2024-09-02 to 2024-09-09
2025-01-13 19:04:05,422 - INFO - Fetching data from 2024-09-09 to 2024-09-16
2025-01-13 19:04:06,719 - INFO - Fetching data from 2024-09-16 to 2024-09-23
2025-01-13 19:04:08,086 - INFO - Fetching data from 2024-09-23 to 2024-09-30
2025-01-13 19:04:09,515 - INFO - Fetching data from 2024-09-30 to 2024-10-07
2025-01-13 19:04:10,878 - INFO - Fetching data from 2024-10-07 to 2024-10-14
2025-01-13 19:04:12,162 - INFO - Fetching data from 2024-10-14 to 2024-10-21
2025-01-13 19:04:13,878 - INFO - Fetching data from 2024-10-21 to 2024-10-28
2025-01-13 19:04:15,422 - INFO - Fetching data from 2024-10-28 to 2024-11-04
2025-01-13 19:04:17,054 - INFO - Fetching data from 2024-11-04 to 2024-11-11
2025-01-13 19:04:18,657 - INFO - Fetching data from 2024-11-11 to 2024-11-18
2025-01-13 19:04:20,205 - INFO - Fetching data from 2024-11-18 to 2024-11-25
2025-01-13 19:04:21,766 - INFO - Fetching data from 2024-11-25 to 2024-12-02
2025-01-13 19:04:23,275 - INFO - Fetching data from 2024-12-02 to 2024-12-09
2025-01-13 19:04:25,041 - INFO - Fetching data from 2024-12-09 to 2024-12-16
2025-01-13 19:04:26,620 - INFO - Fetching data from 2024-12-16 to 2024-12-23
2025-01-13 19:04:28,096 - INFO - Fetching data from 2024-12-23 to 2024-12-30
2025-01-13 19:04:29,593 - INFO - Fetching data from 2024-12-30 to 2025-01-06
2025-01-13 19:04:31,151 - INFO - Fetching data from 2025-01-06 to 2025-01-13
2025-01-13 19:04:32,493 - INFO - Data fetching completed!
2025-01-13 19:04:32,493 - INFO - Prices data saved to prices_data.csv
2025-01-13 19:04:32,493 - INFO - Usage data saved to usage_data.csv
2025-01-13 21:55:04,414 - INFO - Starting amber_api ingestion process...
2025-01-13 21:55:05,655 - INFO - Using Site ID: 01J061Q7Q883JF26YMGZVVTMV9
2025-01-13 21:55:05,655 - INFO - Fetching Prices Data...
2025-01-13 21:55:05,946 - INFO - Starting from 2024-06-24, no prior data in prices_data.csv.
2025-01-13 21:55:05,946 - INFO - Fetching data from 2024-06-24 to 2024-07-01.
2025-01-13 21:55:07,408 - INFO - Fetching data from 2024-07-01 to 2024-07-08.
2025-01-13 21:55:08,755 - INFO - Fetching data from 2024-07-08 to 2024-07-15.
2025-01-13 21:55:10,263 - INFO - Fetching data from 2024-07-15 to 2024-07-22.
2025-01-13 21:55:11,600 - INFO - Fetching data from 2024-07-22 to 2024-07-29.
2025-01-13 21:55:13,072 - INFO - Fetching data from 2024-07-29 to 2024-08-05.
2025-01-13 21:55:14,579 - INFO - Fetching data from 2024-08-05 to 2024-08-12.
2025-01-13 21:55:16,083 - INFO - Fetching data from 2024-08-12 to 2024-08-19.
2025-01-13 21:55:17,515 - INFO - Fetching data from 2024-08-19 to 2024-08-26.
2025-01-13 21:55:18,950 - INFO - Fetching data from 2024-08-26 to 2024-09-02.
2025-01-13 21:55:20,555 - INFO - Fetching data from 2024-09-02 to 2024-09-09.
2025-01-13 21:55:22,036 - INFO - Fetching data from 2024-09-09 to 2024-09-16.
2025-01-13 21:55:23,567 - INFO - Fetching data from 2024-09-16 to 2024-09-23.
2025-01-13 21:55:24,960 - INFO - Fetching data from 2024-09-23 to 2024-09-30.
2025-01-13 21:55:26,446 - INFO - Fetching data from 2024-09-30 to 2024-10-07.
2025-01-13 21:55:27,877 - INFO - Fetching data from 2024-10-07 to 2024-10-14.
2025-01-13 21:55:29,410 - INFO - Fetching data from 2024-10-14 to 2024-10-21.
2025-01-13 21:55:30,859 - INFO - Fetching data from 2024-10-21 to 2024-10-28.
2025-01-13 21:55:32,206 - INFO - Fetching data from 2024-10-28 to 2024-11-04.
2025-01-13 21:55:33,608 - INFO - Fetching data from 2024-11-04 to 2024-11-11.
2025-01-13 21:55:35,046 - INFO - Fetching data from 2024-11-11 to 2024-11-18.
2025-01-13 21:55:36,488 - INFO - Fetching data from 2024-11-18 to 2024-11-25.
2025-01-13 21:55:37,991 - INFO - Fetching data from 2024-11-25 to 2024-12-02.
2025-01-13 21:55:39,451 - INFO - Fetching data from 2024-12-02 to 2024-12-09.
2025-01-13 21:55:40,982 - INFO - Fetching data from 2024-12-09 to 2024-12-16.
2025-01-13 21:55:42,518 - INFO - Fetching data from 2024-12-16 to 2024-12-23.
2025-01-13 21:55:43,947 - INFO - Fetching data from 2024-12-23 to 2024-12-30.
2025-01-13 21:55:45,380 - INFO - Fetching data from 2024-12-30 to 2025-01-06.
2025-01-13 21:55:46,939 - INFO - Fetching data from 2025-01-06 to 2025-01-13.
2025-01-13 21:55:48,456 - INFO - Fetching Usage Data...
2025-01-13 21:55:48,611 - INFO - Starting from 2024-06-24, no prior data in usage_data.csv.
2025-01-13 21:55:48,611 - INFO - Fetching data from 2024-06-24 to 2024-07-01.
2025-01-13 21:55:50,079 - INFO - Fetching data from 2024-07-01 to 2024-07-08.
2025-01-13 21:55:51,404 - INFO - Fetching data from 2024-07-08 to 2024-07-15.
2025-01-13 21:55:53,760 - INFO - Fetching data from 2024-07-15 to 2024-07-22.
2025-01-13 21:55:55,192 - INFO - Fetching data from 2024-07-22 to 2024-07-29.
2025-01-13 21:55:56,932 - INFO - Fetching data from 2024-07-29 to 2024-08-05.
2025-01-13 21:55:58,467 - INFO - Fetching data from 2024-08-05 to 2024-08-12.
2025-01-13 21:55:59,802 - INFO - Fetching data from 2024-08-12 to 2024-08-19.
2025-01-13 21:56:01,127 - INFO - Fetching data from 2024-08-19 to 2024-08-26.
2025-01-13 21:56:02,564 - INFO - Fetching data from 2024-08-26 to 2024-09-02.
2025-01-13 21:56:04,099 - INFO - Fetching data from 2024-09-02 to 2024-09-09.
2025-01-13 21:56:05,635 - INFO - Fetching data from 2024-09-09 to 2024-09-16.
2025-01-13 21:56:07,171 - INFO - Fetching data from 2024-09-16 to 2024-09-23.
2025-01-13 21:56:08,709 - INFO - Fetching data from 2024-09-23 to 2024-09-30.
2025-01-13 21:56:10,143 - INFO - Fetching data from 2024-09-30 to 2024-10-07.
2025-01-13 21:56:11,574 - INFO - Fetching data from 2024-10-07 to 2024-10-14.
2025-01-13 21:56:13,161 - INFO - Fetching data from 2024-10-14 to 2024-10-21.
2025-01-13 21:56:14,771 - INFO - Fetching data from 2024-10-21 to 2024-10-28.
2025-01-13 21:56:16,283 - INFO - Fetching data from 2024-10-28 to 2024-11-04.
2025-01-13 21:56:17,951 - INFO - Fetching data from 2024-11-04 to 2024-11-11.
2025-01-13 21:56:19,499 - INFO - Fetching data from 2024-11-11 to 2024-11-18.
2025-01-13 21:56:20,937 - INFO - Fetching data from 2024-11-18 to 2024-11-25.
2025-01-13 21:56:22,672 - INFO - Fetching data from 2024-11-25 to 2024-12-02.
2025-01-13 21:56:24,884 - INFO - Fetching data from 2024-12-02 to 2024-12-09.
2025-01-13 21:56:26,411 - INFO - Fetching data from 2024-12-09 to 2024-12-16.
2025-01-13 21:56:27,968 - INFO - Fetching data from 2024-12-16 to 2024-12-23.
2025-01-13 21:56:30,651 - INFO - Fetching data from 2024-12-23 to 2024-12-30.
2025-01-13 21:56:32,189 - INFO - Fetching data from 2024-12-30 to 2025-01-06.
2025-01-13 21:56:33,650 - INFO - Fetching data from 2025-01-06 to 2025-01-13.
2025-01-13 21:56:35,315 - INFO - Data fetching completed!
2025-01-13 21:56:35,315 - INFO - Prices data saved to prices_data.csv
2025-01-13 21:56:35,315 - INFO - Usage data saved to usage_data.csv
